<?xml version="1.0" encoding="UTF-8"?>
<coverage generated="1782488727774" clover="3.2.0">
  <project timestamp="1782488727774" name="All files">
    <metrics statements="170" coveredstatements="163" conditionals="115" coveredconditionals="85" methods="42" coveredmethods="41" elements="327" coveredelements="289" complexity="0" loc="170" ncloc="170" packages="2" files="19" classes="19"/>
    <package name="components">
      <metrics statements="30" coveredstatements="30" conditionals="23" coveredconditionals="20" methods="5" coveredmethods="5"/>
      <file name="Badge.tsx" path="/Users/ok/Development/GitHub/go_text/frontend/src/ui/components/Badge.tsx">
        <metrics statements="6" coveredstatements="6" conditionals="3" coveredconditionals="2" methods="1" coveredmethods="1"/>
        <line num="2" count="1" type="stmt"/>
        <line num="3" count="1" type="stmt"/>
        <line num="10" count="1" type="cond" truecount="1" falsecount="0"/>
        <line num="11" count="1" type="cond" truecount="1" falsecount="1"/>
        <line num="12" count="1" type="stmt"/>
        <line num="15" count="1" type="stmt"/>
      </file>
      <file name="Button.tsx" path="/Users/ok/Development/GitHub/go_text/frontend/src/ui/components/Button.tsx">
        <metrics statements="6" coveredstatements="6" conditionals="8" coveredconditionals="8" methods="1" coveredmethods="1"/>
        <line num="2" count="2" type="stmt"/>
        <line num="3" count="2" type="stmt"/>
        <line num="18" count="2" type="stmt"/>
        <line num="27" count="9" type="cond" truecount="4" falsecount="0"/>
        <line num="30" count="9" type="stmt"/>
        <line num="37" count="2" type="stmt"/>
      </file>
      <file name="Card.tsx" path="/Users/ok/Development/GitHub/go_text/frontend/src/ui/components/Card.tsx">
        <metrics statements="6" coveredstatements="6" conditionals="0" coveredconditionals="0" methods="1" coveredmethods="1"/>
        <line num="2" count="1" type="stmt"/>
        <line num="3" count="1" type="stmt"/>
        <line num="11" count="1" type="stmt"/>
        <line num="12" count="2" type="stmt"/>
        <line num="13" count="2" type="stmt"/>
        <line num="16" count="1" type="stmt"/>
      </file>
      <file name="Chip.tsx" path="/Users/ok/Development/GitHub/go_text/frontend/src/ui/components/Chip.tsx">
        <metrics statements="6" coveredstatements="6" conditionals="5" coveredconditionals="4" methods="1" coveredmethods="1"/>
        <line num="2" count="1" type="stmt"/>
        <line num="3" count="1" type="stmt"/>
        <line num="11" count="1" type="cond" truecount="1" falsecount="0"/>
        <line num="12" count="3" type="cond" truecount="1" falsecount="1"/>
        <line num="13" count="3" type="stmt"/>
        <line num="25" count="1" type="stmt"/>
      </file>
      <file name="IconButton.tsx" path="/Users/ok/Development/GitHub/go_text/frontend/src/ui/components/IconButton.tsx">
        <metrics statements="6" coveredstatements="6" conditionals="7" coveredconditionals="6" methods="1" coveredmethods="1"/>
        <line num="2" count="1" type="stmt"/>
        <line num="3" count="1" type="stmt"/>
        <line num="15" count="1" type="stmt"/>
        <line num="24" count="3" type="cond" truecount="3" falsecount="1"/>
        <line num="27" count="3" type="stmt"/>
        <line num="34" count="1" type="stmt"/>
      </file>
    </package>
    <package name="primitives">
      <metrics statements="140" coveredstatements="133" conditionals="92" coveredconditionals="65" methods="37" coveredmethods="36"/>
      <file name="AlertDialog.tsx" path="/Users/ok/Development/GitHub/go_text/frontend/src/ui/primitives/AlertDialog.tsx">
        <metrics statements="7" coveredstatements="7" conditionals="6" coveredconditionals="6" methods="1" coveredmethods="1"/>
        <line num="2" count="1" type="stmt"/>
        <line num="3" count="1" type="stmt"/>
        <line num="4" count="1" type="stmt"/>
        <line num="5" count="1" type="stmt"/>
        <line num="18" count="1" type="stmt"/>
        <line num="28" count="3" type="stmt"/>
        <line num="53" count="1" type="stmt"/>
      </file>
      <file name="Combobox.tsx" path="/Users/ok/Development/GitHub/go_text/frontend/src/ui/primitives/Combobox.tsx">
        <metrics statements="14" coveredstatements="14" conditionals="17" coveredconditionals="12" methods="4" coveredmethods="4"/>
        <line num="2" count="1" type="stmt"/>
        <line num="3" count="1" type="stmt"/>
        <line num="4" count="1" type="stmt"/>
        <line num="5" count="1" type="stmt"/>
        <line num="24" count="1" type="stmt"/>
        <line num="34" count="10" type="stmt"/>
        <line num="35" count="10" type="stmt"/>
        <line num="37" count="11" type="stmt"/>
        <line num="39" count="10" type="stmt"/>
        <line num="77" count="30" type="stmt"/>
        <line num="81" count="1" type="stmt"/>
        <line num="82" count="1" type="stmt"/>
        <line num="83" count="1" type="stmt"/>
        <line num="104" count="1" type="stmt"/>
      </file>
      <file name="CommandPalette.tsx" path="/Users/ok/Development/GitHub/go_text/frontend/src/ui/primitives/CommandPalette.tsx">
        <metrics statements="24" coveredstatements="20" conditionals="15" coveredconditionals="6" methods="7" coveredmethods="6"/>
        <line num="2" count="1" type="stmt"/>
        <line num="3" count="1" type="stmt"/>
        <line num="4" count="1" type="stmt"/>
        <line num="5" count="1" type="stmt"/>
        <line num="22" count="1" type="stmt"/>
        <line num="30" count="6" type="stmt"/>
        <line num="32" count="6" type="stmt"/>
        <line num="33" count="3" type="stmt"/>
        <line num="34" count="3" type="stmt"/>
        <line num="35" count="9" type="cond" truecount="1" falsecount="1"/>
        <line num="36" count="9" type="cond" truecount="2" falsecount="0"/>
        <line num="37" count="9" type="stmt"/>
        <line num="39" count="3" type="stmt"/>
        <line num="42" count="6" type="stmt"/>
        <line num="43" count="0" type="cond" truecount="0" falsecount="6"/>
        <line num="44" count="0" type="stmt"/>
        <line num="45" count="0" type="stmt"/>
        <line num="46" count="0" type="stmt"/>
        <line num="50" count="6" type="stmt"/>
        <line num="74" count="12" type="stmt"/>
        <line num="80" count="18" type="stmt"/>
        <line num="84" count="1" type="stmt"/>
        <line num="85" count="1" type="stmt"/>
        <line num="109" count="1" type="stmt"/>
      </file>
      <file name="Dialog.tsx" path="/Users/ok/Development/GitHub/go_text/frontend/src/ui/primitives/Dialog.tsx">
        <metrics statements="6" coveredstatements="6" conditionals="4" coveredconditionals="3" methods="1" coveredmethods="1"/>
        <line num="2" count="1" type="stmt"/>
        <line num="3" count="1" type="stmt"/>
        <line num="4" count="1" type="stmt"/>
        <line num="14" count="1" type="stmt"/>
        <line num="15" count="3" type="stmt"/>
        <line num="27" count="1" type="stmt"/>
      </file>
      <file name="DropdownMenu.tsx" path="/Users/ok/Development/GitHub/go_text/frontend/src/ui/primitives/DropdownMenu.tsx">
        <metrics statements="13" coveredstatements="13" conditionals="10" coveredconditionals="9" methods="4" coveredmethods="4"/>
        <line num="2" count="1" type="stmt"/>
        <line num="3" count="1" type="stmt"/>
        <line num="4" count="1" type="stmt"/>
        <line num="16" count="4" type="cond" truecount="2" falsecount="0"/>
        <line num="17" count="1" type="stmt"/>
        <line num="19" count="3" type="stmt"/>
        <line num="20" count="3" type="cond" truecount="2" falsecount="0"/>
        <line num="21" count="3" type="cond" truecount="2" falsecount="0"/>
        <line num="22" count="3" type="stmt"/>
        <line num="35" count="1" type="stmt"/>
        <line num="36" count="2" type="stmt"/>
        <line num="40" count="4" type="stmt"/>
        <line num="46" count="1" type="stmt"/>
      </file>
      <file name="RadioGroup.tsx" path="/Users/ok/Development/GitHub/go_text/frontend/src/ui/primitives/RadioGroup.tsx">
        <metrics statements="7" coveredstatements="7" conditionals="0" coveredconditionals="0" methods="2" coveredmethods="2"/>
        <line num="2" count="1" type="stmt"/>
        <line num="3" count="1" type="stmt"/>
        <line num="4" count="1" type="stmt"/>
        <line num="19" count="1" type="stmt"/>
        <line num="20" count="3" type="stmt"/>
        <line num="22" count="6" type="stmt"/>
        <line num="34" count="1" type="stmt"/>
      </file>
      <file name="ScrollArea.tsx" path="/Users/ok/Development/GitHub/go_text/frontend/src/ui/primitives/ScrollArea.tsx">
        <metrics statements="6" coveredstatements="6" conditionals="2" coveredconditionals="2" methods="1" coveredmethods="1"/>
        <line num="2" count="1" type="stmt"/>
        <line num="3" count="1" type="stmt"/>
        <line num="4" count="1" type="stmt"/>
        <line num="12" count="1" type="stmt"/>
        <line num="13" count="2" type="cond" truecount="2" falsecount="0"/>
        <line num="27" count="1" type="stmt"/>
      </file>
      <file name="Segmented.tsx" path="/Users/ok/Development/GitHub/go_text/frontend/src/ui/primitives/Segmented.tsx">
        <metrics statements="8" coveredstatements="8" conditionals="4" coveredconditionals="4" methods="3" coveredmethods="3"/>
        <line num="2" count="1" type="stmt"/>
        <line num="3" count="1" type="stmt"/>
        <line num="4" count="1" type="stmt"/>
        <line num="19" count="1" type="stmt"/>
        <line num="20" count="3" type="stmt"/>
        <line num="24" count="2" type="cond" truecount="2" falsecount="0"/>
        <line num="28" count="6" type="stmt"/>
        <line num="40" count="1" type="stmt"/>
      </file>
      <file name="Select.tsx" path="/Users/ok/Development/GitHub/go_text/frontend/src/ui/primitives/Select.tsx">
        <metrics statements="11" coveredstatements="8" conditionals="19" coveredconditionals="11" methods="2" coveredmethods="2"/>
        <line num="2" count="1" type="stmt"/>
        <line num="3" count="1" type="stmt"/>
        <line num="4" count="1" type="stmt"/>
        <line num="20" count="1" type="stmt"/>
        <line num="21" count="2" type="cond" truecount="2" falsecount="0"/>
        <line num="36" count="4" type="cond" truecount="1" falsecount="1"/>
        <line num="37" count="0" type="stmt"/>
        <line num="38" count="0" type="cond" truecount="0" falsecount="4"/>
        <line num="39" count="0" type="stmt"/>
        <line num="41" count="4" type="stmt"/>
        <line num="56" count="1" type="stmt"/>
      </file>
      <file name="Slider.tsx" path="/Users/ok/Development/GitHub/go_text/frontend/src/ui/primitives/Slider.tsx">
        <metrics statements="6" coveredstatements="6" conditionals="5" coveredconditionals="5" methods="1" coveredmethods="1"/>
        <line num="2" count="1" type="stmt"/>
        <line num="3" count="1" type="stmt"/>
        <line num="4" count="1" type="stmt"/>
        <line num="15" count="1" type="cond" truecount="3" falsecount="0"/>
        <line num="16" count="2" type="stmt"/>
        <line num="32" count="1" type="stmt"/>
      </file>
      <file name="Switch.tsx" path="/Users/ok/Development/GitHub/go_text/frontend/src/ui/primitives/Switch.tsx">
        <metrics statements="6" coveredstatements="6" conditionals="0" coveredconditionals="0" methods="1" coveredmethods="1"/>
        <line num="2" count="1" type="stmt"/>
        <line num="3" count="1" type="stmt"/>
        <line num="4" count="1" type="stmt"/>
        <line num="14" count="1" type="stmt"/>
        <line num="15" count="4" type="stmt"/>
        <line num="20" count="1" type="stmt"/>
      </file>
      <file name="Tabs.tsx" path="/Users/ok/Development/GitHub/go_text/frontend/src/ui/primitives/Tabs.tsx">
        <metrics statements="8" coveredstatements="8" conditionals="3" coveredconditionals="2" methods="3" coveredmethods="3"/>
        <line num="2" count="1" type="stmt"/>
        <line num="3" count="1" type="stmt"/>
        <line num="4" count="1" type="stmt"/>
        <line num="19" count="1" type="cond" truecount="1" falsecount="0"/>
        <line num="20" count="3" type="stmt"/>
        <line num="28" count="6" type="stmt"/>
        <line num="34" count="6" type="stmt"/>
        <line num="41" count="1" type="stmt"/>
      </file>
      <file name="Toast.tsx" path="/Users/ok/Development/GitHub/go_text/frontend/src/ui/primitives/Toast.tsx">
        <metrics statements="15" coveredstatements="15" conditionals="5" coveredconditionals="3" methods="5" coveredmethods="5"/>
        <line num="2" count="1" type="stmt"/>
        <line num="3" count="1" type="stmt"/>
        <line num="4" count="1" type="stmt"/>
        <line num="15" count="1" type="stmt"/>
        <line num="18" count="4" type="stmt"/>
        <line num="20" count="1" type="stmt"/>
        <line num="22" count="1" type="stmt"/>
        <line num="33" count="1" type="cond" truecount="1" falsecount="1"/>
        <line num="34" count="3" type="stmt"/>
        <line num="37" count="1" type="cond" truecount="1" falsecount="1"/>
        <line num="50" count="1" type="stmt"/>
        <line num="57" count="1" type="stmt"/>
        <line num="58" count="4" type="stmt"/>
        <line num="60" count="3" type="stmt"/>
        <line num="66" count="1" type="stmt"/>
      </file>
      <file name="Tooltip.tsx" path="/Users/ok/Development/GitHub/go_text/frontend/src/ui/primitives/Tooltip.tsx">
        <metrics statements="9" coveredstatements="9" conditionals="2" coveredconditionals="2" methods="2" coveredmethods="2"/>
        <line num="2" count="1" type="stmt"/>
        <line num="3" count="1" type="stmt"/>
        <line num="4" count="1" type="stmt"/>
        <line num="6" count="1" type="stmt"/>
        <line num="9" count="2" type="stmt"/>
        <line num="11" count="1" type="stmt"/>
        <line num="19" count="1" type="cond" truecount="1" falsecount="0"/>
        <line num="20" count="2" type="stmt"/>
        <line num="31" count="1" type="stmt"/>
      </file>
    </package>
  </project>
</coverage>
