{"/Users/ok/Development/GitHub/go_text/frontend/src/ui/components/Badge.tsx": {"path":"/Users/ok/Development/GitHub/go_text/frontend/src/ui/components/Badge.tsx","statementMap":{"0":{"start":{"line":2,"column":0},"end":{"line":2,"column":26}},"1":{"start":{"line":3,"column":0},"end":{"line":3,"column":40}},"2":{"start":{"line":10,"column":43},"end":{"line":13,"column":1}},"3":{"start":{"line":11,"column":16},"end":{"line":11,"column":109}},"4":{"start":{"line":12,"column":4},"end":{"line":12,"column":51}},"5":{"start":{"line":10,"column":13},"end":{"line":10,"column":43}},"6":{"start":{"line":15,"column":0},"end":{"line":15,"column":28}}},"fnMap":{"0":{"name":"(anonymous_0)","decl":{"start":{"line":10,"column":43},"end":{"line":10,"column":44}},"loc":{"start":{"line":10,"column":81},"end":{"line":13,"column":1}}}},"branchMap":{"0":{"loc":{"start":{"line":10,"column":46},"end":{"line":10,"column":65}},"type":"default-arg","locations":[{"start":{"line":10,"column":56},"end":{"line":10,"column":65}}]},"1":{"loc":{"start":{"line":11,"column":31},"end":{"line":11,"column":82}},"type":"cond-expr","locations":[{"start":{"line":11,"column":55},"end":{"line":11,"column":70}},{"start":{"line":11,"column":73},"end":{"line":11,"column":82}}]}},"s":{"0":1,"1":1,"2":1,"3":1,"4":1,"5":1,"6":1},"f":{"0":1},"b":{"0":[1],"1":[0,1]}}
,"/Users/ok/Development/GitHub/go_text/frontend/src/ui/components/Button.tsx": {"path":"/Users/ok/Development/GitHub/go_text/frontend/src/ui/components/Button.tsx","statementMap":{"0":{"start":{"line":2,"column":0},"end":{"line":2,"column":26}},"1":{"start":{"line":3,"column":0},"end":{"line":3,"column":41}},"2":{"start":{"line":18,"column":45},"end":{"line":35,"column":1}},"3":{"start":{"line":27,"column":16},"end":{"line":29,"column":18}},"4":{"start":{"line":30,"column":4},"end":{"line":34,"column":6}},"5":{"start":{"line":18,"column":13},"end":{"line":18,"column":45}},"6":{"start":{"line":37,"column":0},"end":{"line":37,"column":30}}},"fnMap":{"0":{"name":"(anonymous_0)","decl":{"start":{"line":18,"column":45},"end":{"line":18,"column":46}},"loc":{"start":{"line":26,"column":5},"end":{"line":35,"column":1}}}},"branchMap":{"0":{"loc":{"start":{"line":19,"column":4},"end":{"line":19,"column":23}},"type":"default-arg","locations":[{"start":{"line":19,"column":14},"end":{"line":19,"column":23}}]},"1":{"loc":{"start":{"line":20,"column":4},"end":{"line":20,"column":20}},"type":"default-arg","locations":[{"start":{"line":20,"column":11},"end":{"line":20,"column":20}}]},"2":{"loc":{"start":{"line":21,"column":4},"end":{"line":21,"column":20}},"type":"default-arg","locations":[{"start":{"line":21,"column":15},"end":{"line":21,"column":20}}]},"3":{"loc":{"start":{"line":22,"column":4},"end":{"line":22,"column":19}},"type":"default-arg","locations":[{"start":{"line":22,"column":11},"end":{"line":22,"column":19}}]},"4":{"loc":{"start":{"line":27,"column":29},"end":{"line":27,"column":80}},"type":"cond-expr","locations":[{"start":{"line":27,"column":53},"end":{"line":27,"column":68}},{"start":{"line":27,"column":71},"end":{"line":27,"column":80}}]},"5":{"loc":{"start":{"line":27,"column":82},"end":{"line":27,"column":119}},"type":"cond-expr","locations":[{"start":{"line":27,"column":98},"end":{"line":27,"column":107}},{"start":{"line":27,"column":110},"end":{"line":27,"column":119}}]}},"s":{"0":2,"1":2,"2":2,"3":9,"4":9,"5":2,"6":2},"f":{"0":9},"b":{"0":[3],"1":[3],"2":[8],"3":[3],"4":[6,3],"5":[6,3]}}
,"/Users/ok/Development/GitHub/go_text/frontend/src/ui/components/Card.tsx": {"path":"/Users/ok/Development/GitHub/go_text/frontend/src/ui/components/Card.tsx","statementMap":{"0":{"start":{"line":2,"column":0},"end":{"line":2,"column":26}},"1":{"start":{"line":3,"column":0},"end":{"line":3,"column":39}},"2":{"start":{"line":11,"column":41},"end":{"line":14,"column":1}},"3":{"start":{"line":12,"column":16},"end":{"line":12,"column":66}},"4":{"start":{"line":13,"column":4},"end":{"line":13,"column":63}},"5":{"start":{"line":11,"column":13},"end":{"line":11,"column":41}},"6":{"start":{"line":16,"column":0},"end":{"line":16,"column":26}}},"fnMap":{"0":{"name":"(anonymous_0)","decl":{"start":{"line":11,"column":41},"end":{"line":11,"column":42}},"loc":{"start":{"line":11,"column":76},"end":{"line":14,"column":1}}}},"branchMap":{},"s":{"0":1,"1":1,"2":1,"3":2,"4":2,"5":1,"6":1},"f":{"0":2},"b":{}}
,"/Users/ok/Development/GitHub/go_text/frontend/src/ui/components/Chip.tsx": {"path":"/Users/ok/Development/GitHub/go_text/frontend/src/ui/components/Chip.tsx","statementMap":{"0":{"start":{"line":2,"column":0},"end":{"line":2,"column":26}},"1":{"start":{"line":3,"column":0},"end":{"line":3,"column":39}},"2":{"start":{"line":11,"column":41},"end":{"line":23,"column":1}},"3":{"start":{"line":12,"column":16},"end":{"line":12,"column":108}},"4":{"start":{"line":13,"column":4},"end":{"line":22,"column":6}},"5":{"start":{"line":11,"column":13},"end":{"line":11,"column":41}},"6":{"start":{"line":25,"column":0},"end":{"line":25,"column":26}}},"fnMap":{"0":{"name":"(anonymous_0)","decl":{"start":{"line":11,"column":41},"end":{"line":11,"column":42}},"loc":{"start":{"line":11,"column":89},"end":{"line":23,"column":1}}}},"branchMap":{"0":{"loc":{"start":{"line":11,"column":44},"end":{"line":11,"column":63}},"type":"default-arg","locations":[{"start":{"line":11,"column":54},"end":{"line":11,"column":63}}]},"1":{"loc":{"start":{"line":12,"column":30},"end":{"line":12,"column":81}},"type":"cond-expr","locations":[{"start":{"line":12,"column":54},"end":{"line":12,"column":69}},{"start":{"line":12,"column":72},"end":{"line":12,"column":81}}]},"2":{"loc":{"start":{"line":16,"column":13},"end":{"line":19,"column":null}},"type":"binary-expr","locations":[{"start":{"line":16,"column":13},"end":{"line":16,"column":21}},{"start":{"line":17,"column":16},"end":{"line":17,"column":null}}]}},"s":{"0":1,"1":1,"2":1,"3":3,"4":3,"5":1,"6":1},"f":{"0":3},"b":{"0":[3],"1":[0,3],"2":[3,1]}}
,"/Users/ok/Development/GitHub/go_text/frontend/src/ui/components/IconButton.tsx": {"path":"/Users/ok/Development/GitHub/go_text/frontend/src/ui/components/IconButton.tsx","statementMap":{"0":{"start":{"line":2,"column":0},"end":{"line":2,"column":26}},"1":{"start":{"line":3,"column":0},"end":{"line":3,"column":45}},"2":{"start":{"line":15,"column":53},"end":{"line":32,"column":1}},"3":{"start":{"line":24,"column":16},"end":{"line":26,"column":18}},"4":{"start":{"line":27,"column":4},"end":{"line":31,"column":6}},"5":{"start":{"line":15,"column":13},"end":{"line":15,"column":53}},"6":{"start":{"line":34,"column":0},"end":{"line":34,"column":38}}},"fnMap":{"0":{"name":"(anonymous_0)","decl":{"start":{"line":15,"column":53},"end":{"line":15,"column":54}},"loc":{"start":{"line":23,"column":5},"end":{"line":32,"column":1}}}},"branchMap":{"0":{"loc":{"start":{"line":16,"column":4},"end":{"line":16,"column":14}},"type":"default-arg","locations":[{"start":{"line":16,"column":9},"end":{"line":16,"column":14}}]},"1":{"loc":{"start":{"line":17,"column":4},"end":{"line":17,"column":19}},"type":"default-arg","locations":[{"start":{"line":17,"column":14},"end":{"line":17,"column":19}}]},"2":{"loc":{"start":{"line":18,"column":4},"end":{"line":18,"column":20}},"type":"default-arg","locations":[{"start":{"line":18,"column":15},"end":{"line":18,"column":20}}]},"3":{"loc":{"start":{"line":24,"column":33},"end":{"line":24,"column":59}},"type":"cond-expr","locations":[{"start":{"line":24,"column":38},"end":{"line":24,"column":47}},{"start":{"line":24,"column":50},"end":{"line":24,"column":59}}]},"4":{"loc":{"start":{"line":24,"column":61},"end":{"line":24,"column":97}},"type":"cond-expr","locations":[{"start":{"line":24,"column":71},"end":{"line":24,"column":85}},{"start":{"line":24,"column":88},"end":{"line":24,"column":97}}]}},"s":{"0":1,"1":1,"2":1,"3":3,"4":3,"5":1,"6":1},"f":{"0":3},"b":{"0":[2],"1":[3],"2":[3],"3":[1,2],"4":[0,3]}}
,"/Users/ok/Development/GitHub/go_text/frontend/src/ui/primitives/AlertDialog.tsx": {"path":"/Users/ok/Development/GitHub/go_text/frontend/src/ui/primitives/AlertDialog.tsx","statementMap":{"0":{"start":{"line":2,"column":0},"end":{"line":2,"column":26}},"1":{"start":{"line":3,"column":0},"end":{"line":3,"column":59}},"2":{"start":{"line":4,"column":0},"end":{"line":4,"column":46}},"3":{"start":{"line":5,"column":0},"end":{"line":5,"column":46}},"4":{"start":{"line":18,"column":55},"end":{"line":50,"column":null}},"5":{"start":{"line":28,"column":4},"end":{"line":49,"column":null}},"6":{"start":{"line":18,"column":13},"end":{"line":18,"column":55}},"7":{"start":{"line":53,"column":0},"end":{"line":53,"column":40}}},"fnMap":{"0":{"name":"(anonymous_0)","decl":{"start":{"line":18,"column":55},"end":{"line":18,"column":56}},"loc":{"start":{"line":28,"column":4},"end":{"line":49,"column":null}}}},"branchMap":{"0":{"loc":{"start":{"line":24,"column":4},"end":{"line":24,"column":26}},"type":"default-arg","locations":[{"start":{"line":24,"column":18},"end":{"line":24,"column":26}}]},"1":{"loc":{"start":{"line":26,"column":4},"end":{"line":26,"column":23}},"type":"default-arg","locations":[{"start":{"line":26,"column":14},"end":{"line":26,"column":23}}]},"2":{"loc":{"start":{"line":32,"column":70},"end":{"line":32,"column":116}},"type":"cond-expr","locations":[{"start":{"line":32,"column":93},"end":{"line":32,"column":111}},{"start":{"line":32,"column":114},"end":{"line":32,"column":116}}]},"3":{"loc":{"start":{"line":43,"column":41},"end":{"line":43,"column":84}},"type":"cond-expr","locations":[{"start":{"line":43,"column":64},"end":{"line":43,"column":72}},{"start":{"line":43,"column":75},"end":{"line":43,"column":84}}]}},"s":{"0":1,"1":1,"2":1,"3":1,"4":1,"5":3,"6":1,"7":1},"f":{"0":3},"b":{"0":[3],"1":[2],"2":[1,2],"3":[1,2]}}
,"/Users/ok/Development/GitHub/go_text/frontend/src/ui/primitives/Combobox.tsx": {"path":"/Users/ok/Development/GitHub/go_text/frontend/src/ui/primitives/Combobox.tsx","statementMap":{"0":{"start":{"line":2,"column":0},"end":{"line":2,"column":31}},"1":{"start":{"line":3,"column":0},"end":{"line":3,"column":31}},"2":{"start":{"line":4,"column":0},"end":{"line":4,"column":35}},"3":{"start":{"line":5,"column":0},"end":{"line":5,"column":43}},"4":{"start":{"line":24,"column":49},"end":{"line":102,"column":1}},"5":{"start":{"line":34,"column":28},"end":{"line":34,"column":49}},"6":{"start":{"line":35,"column":32},"end":{"line":35,"column":50}},"7":{"start":{"line":37,"column":21},"end":{"line":37,"column":57}},"8":{"start":{"line":37,"column":39},"end":{"line":37,"column":56}},"9":{"start":{"line":39,"column":4},"end":{"line":101,"column":6}},"10":{"start":{"line":77,"column":32},"end":{"line":78,"column":null}},"11":{"start":{"line":81,"column":40},"end":{"line":81,"column":66}},"12":{"start":{"line":82,"column":40},"end":{"line":82,"column":54}},"13":{"start":{"line":83,"column":40},"end":{"line":83,"column":55}},"14":{"start":{"line":24,"column":13},"end":{"line":24,"column":49}},"15":{"start":{"line":104,"column":0},"end":{"line":104,"column":34}}},"fnMap":{"0":{"name":"(anonymous_0)","decl":{"start":{"line":24,"column":49},"end":{"line":24,"column":50}},"loc":{"start":{"line":33,"column":5},"end":{"line":102,"column":1}}},"1":{"name":"(anonymous_1)","decl":{"start":{"line":37,"column":32},"end":{"line":37,"column":33}},"loc":{"start":{"line":37,"column":39},"end":{"line":37,"column":56}}},"2":{"name":"(anonymous_2)","decl":{"start":{"line":76,"column":39},"end":{"line":76,"column":40}},"loc":{"start":{"line":77,"column":32},"end":{"line":78,"column":null}}},"3":{"name":"(anonymous_3)","decl":{"start":{"line":80,"column":46},"end":{"line":80,"column":49}},"loc":{"start":{"line":80,"column":51},"end":{"line":84,"column":37}}}},"branchMap":{"0":{"loc":{"start":{"line":29,"column":4},"end":{"line":29,"column":27}},"type":"default-arg","locations":[{"start":{"line":29,"column":18},"end":{"line":29,"column":27}}]},"1":{"loc":{"start":{"line":43,"column":21},"end":{"line":43,"column":84}},"type":"binary-expr","locations":[{"start":{"line":43,"column":21},"end":{"line":43,"column":29}},{"start":{"line":43,"column":33},"end":{"line":43,"column":84}}]},"2":{"loc":{"start":{"line":44,"column":57},"end":{"line":44,"column":81}},"type":"binary-expr","locations":[{"start":{"line":44,"column":57},"end":{"line":44,"column":72}},{"start":{"line":44,"column":76},"end":{"line":44,"column":81}}]},"3":{"loc":{"start":{"line":60,"column":29},"end":{"line":68,"column":null}},"type":"binary-expr","locations":[{"start":{"line":60,"column":29},"end":{"line":60,"column":38}},{"start":{"line":61,"column":32},"end":{"line":65,"column":null}}]},"4":{"loc":{"start":{"line":63,"column":71},"end":{"line":63,"column":101}},"type":"cond-expr","locations":[{"start":{"line":63,"column":81},"end":{"line":63,"column":96}},{"start":{"line":63,"column":99},"end":{"line":63,"column":101}}]},"5":{"loc":{"start":{"line":74,"column":33},"end":{"line":74,"column":62}},"type":"binary-expr","locations":[{"start":{"line":74,"column":33},"end":{"line":74,"column":45}},{"start":{"line":74,"column":49},"end":{"line":74,"column":62}}]},"6":{"loc":{"start":{"line":87,"column":37},"end":{"line":87,"column":112}},"type":"binary-expr","locations":[{"start":{"line":87,"column":37},"end":{"line":87,"column":57}},{"start":{"line":87,"column":61},"end":{"line":87,"column":112}}]},"7":{"loc":{"start":{"line":89,"column":37},"end":{"line":89,"column":98}},"type":"binary-expr","locations":[{"start":{"line":89,"column":37},"end":{"line":89,"column":46}},{"start":{"line":89,"column":50},"end":{"line":89,"column":98}}]},"8":{"loc":{"start":{"line":95,"column":49},"end":{"line":95,"column":78}},"type":"cond-expr","locations":[{"start":{"line":95,"column":70},"end":{"line":95,"column":73}},{"start":{"line":95,"column":76},"end":{"line":95,"column":78}}]}},"s":{"0":1,"1":1,"2":1,"3":1,"4":1,"5":10,"6":10,"7":10,"8":11,"9":10,"10":30,"11":1,"12":1,"13":1,"14":1,"15":1},"f":{"0":10,"1":11,"2":30,"3":1},"b":{"0":[10],"1":[10,1],"2":[10,0],"3":[10,0],"4":[0,0],"5":[10,10],"6":[30,10],"7":[30,20],"8":[10,0]}}
,"/Users/ok/Development/GitHub/go_text/frontend/src/ui/primitives/CommandPalette.tsx": {"path":"/Users/ok/Development/GitHub/go_text/frontend/src/ui/primitives/CommandPalette.tsx","statementMap":{"0":{"start":{"line":2,"column":0},"end":{"line":2,"column":31}},"1":{"start":{"line":3,"column":0},"end":{"line":3,"column":31}},"2":{"start":{"line":4,"column":0},"end":{"line":4,"column":34}},"3":{"start":{"line":5,"column":0},"end":{"line":5,"column":49}},"4":{"start":{"line":22,"column":61},"end":{"line":107,"column":1}},"5":{"start":{"line":30,"column":42},"end":{"line":30,"column":60}},"6":{"start":{"line":32,"column":19},"end":{"line":40,"column":15}},"7":{"start":{"line":33,"column":20},"end":{"line":33,"column":59}},"8":{"start":{"line":34,"column":8},"end":{"line":38,"column":11}},"9":{"start":{"line":35,"column":22},"end":{"line":35,"column":38}},"10":{"start":{"line":36,"column":12},"end":{"line":36,"column":44}},"11":{"start":{"line":36,"column":29},"end":{"line":36,"column":44}},"12":{"start":{"line":37,"column":12},"end":{"line":37,"column":35}},"13":{"start":{"line":39,"column":8},"end":{"line":39,"column":19}},"14":{"start":{"line":42,"column":26},"end":{"line":48,"column":5}},"15":{"start":{"line":43,"column":8},"end":{"line":47,"column":9}},"16":{"start":{"line":44,"column":12},"end":{"line":44,"column":31}},"17":{"start":{"line":45,"column":12},"end":{"line":45,"column":39}},"18":{"start":{"line":46,"column":12},"end":{"line":46,"column":32}},"19":{"start":{"line":50,"column":4},"end":{"line":106,"column":6}},"20":{"start":{"line":74,"column":32},"end":{"line":75,"column":null}},"21":{"start":{"line":80,"column":40},"end":{"line":81,"column":null}},"22":{"start":{"line":84,"column":48},"end":{"line":84,"column":69}},"23":{"start":{"line":85,"column":48},"end":{"line":85,"column":68}},"24":{"start":{"line":22,"column":13},"end":{"line":22,"column":61}},"25":{"start":{"line":109,"column":0},"end":{"line":109,"column":46}}},"fnMap":{"0":{"name":"(anonymous_0)","decl":{"start":{"line":22,"column":61},"end":{"line":22,"column":62}},"loc":{"start":{"line":29,"column":5},"end":{"line":107,"column":1}}},"1":{"name":"(anonymous_1)","decl":{"start":{"line":32,"column":33},"end":{"line":32,"column":36}},"loc":{"start":{"line":32,"column":38},"end":{"line":40,"column":5}}},"2":{"name":"(anonymous_2)","decl":{"start":{"line":34,"column":22},"end":{"line":34,"column":23}},"loc":{"start":{"line":34,"column":31},"end":{"line":38,"column":9}}},"3":{"name":"(anonymous_3)","decl":{"start":{"line":42,"column":26},"end":{"line":42,"column":27}},"loc":{"start":{"line":42,"column":53},"end":{"line":48,"column":5}}},"4":{"name":"(anonymous_4)","decl":{"start":{"line":73,"column":62},"end":{"line":73,"column":63}},"loc":{"start":{"line":74,"column":32},"end":{"line":75,"column":null}}},"5":{"name":"(anonymous_5)","decl":{"start":{"line":79,"column":52},"end":{"line":79,"column":53}},"loc":{"start":{"line":80,"column":40},"end":{"line":81,"column":null}}},"6":{"name":"(anonymous_6)","decl":{"start":{"line":83,"column":54},"end":{"line":83,"column":57}},"loc":{"start":{"line":83,"column":59},"end":{"line":86,"column":45}}}},"branchMap":{"0":{"loc":{"start":{"line":26,"column":4},"end":{"line":26,"column":35}},"type":"default-arg","locations":[{"start":{"line":26,"column":18},"end":{"line":26,"column":35}}]},"1":{"loc":{"start":{"line":35,"column":22},"end":{"line":35,"column":38}},"type":"binary-expr","locations":[{"start":{"line":35,"column":22},"end":{"line":35,"column":32}},{"start":{"line":35,"column":36},"end":{"line":35,"column":38}}]},"2":{"loc":{"start":{"line":36,"column":12},"end":{"line":36,"column":44}},"type":"if","locations":[{"start":{"line":36,"column":12},"end":{"line":36,"column":44}},{"start":{},"end":{}}]},"3":{"loc":{"start":{"line":43,"column":8},"end":{"line":47,"column":9}},"type":"if","locations":[{"start":{"line":43,"column":8},"end":{"line":47,"column":9}},{"start":{},"end":{}}]},"4":{"loc":{"start":{"line":43,"column":12},"end":{"line":43,"column":75}},"type":"binary-expr","locations":[{"start":{"line":43,"column":12},"end":{"line":43,"column":29}},{"start":{"line":43,"column":33},"end":{"line":43,"column":43}},{"start":{"line":43,"column":47},"end":{"line":43,"column":60}},{"start":{"line":43,"column":64},"end":{"line":43,"column":75}}]},"5":{"loc":{"start":{"line":76,"column":45},"end":{"line":76,"column":63}},"type":"binary-expr","locations":[{"start":{"line":76,"column":45},"end":{"line":76,"column":50}},{"start":{"line":76,"column":54},"end":{"line":76,"column":63}}]},"6":{"loc":{"start":{"line":75,"column":41},"end":{"line":75,"column":63}},"type":"binary-expr","locations":[{"start":{"line":75,"column":41},"end":{"line":75,"column":46}},{"start":{"line":75,"column":50},"end":{"line":75,"column":63}}]}},"s":{"0":1,"1":1,"2":1,"3":1,"4":1,"5":6,"6":6,"7":3,"8":3,"9":9,"10":9,"11":6,"12":9,"13":3,"14":6,"15":0,"16":0,"17":0,"18":0,"19":6,"20":12,"21":18,"22":1,"23":1,"24":1,"25":1},"f":{"0":6,"1":3,"2":9,"3":0,"4":12,"5":18,"6":1},"b":{"0":[6],"1":[9,0],"2":[6,3],"3":[0,0],"4":[0,0,0,0],"5":[12,0],"6":[12,0]}}
,"/Users/ok/Development/GitHub/go_text/frontend/src/ui/primitives/Dialog.tsx": {"path":"/Users/ok/Development/GitHub/go_text/frontend/src/ui/primitives/Dialog.tsx","statementMap":{"0":{"start":{"line":2,"column":0},"end":{"line":2,"column":26}},"1":{"start":{"line":3,"column":0},"end":{"line":3,"column":49}},"2":{"start":{"line":4,"column":0},"end":{"line":4,"column":41}},"3":{"start":{"line":14,"column":45},"end":{"line":24,"column":null}},"4":{"start":{"line":15,"column":4},"end":{"line":23,"column":null}},"5":{"start":{"line":14,"column":13},"end":{"line":14,"column":45}},"6":{"start":{"line":27,"column":0},"end":{"line":27,"column":30}}},"fnMap":{"0":{"name":"(anonymous_0)","decl":{"start":{"line":14,"column":45},"end":{"line":14,"column":46}},"loc":{"start":{"line":15,"column":4},"end":{"line":23,"column":null}}}},"branchMap":{"0":{"loc":{"start":{"line":19,"column":17},"end":{"line":19,"column":97}},"type":"binary-expr","locations":[{"start":{"line":19,"column":17},"end":{"line":19,"column":22}},{"start":{"line":19,"column":26},"end":{"line":19,"column":97}}]},"1":{"loc":{"start":{"line":20,"column":17},"end":{"line":20,"column":127}},"type":"binary-expr","locations":[{"start":{"line":20,"column":17},"end":{"line":20,"column":28}},{"start":{"line":20,"column":32},"end":{"line":20,"column":127}}]}},"s":{"0":1,"1":1,"2":1,"3":1,"4":3,"5":1,"6":1},"f":{"0":3},"b":{"0":[3,3],"1":[3,0]}}
,"/Users/ok/Development/GitHub/go_text/frontend/src/ui/primitives/DropdownMenu.tsx": {"path":"/Users/ok/Development/GitHub/go_text/frontend/src/ui/primitives/DropdownMenu.tsx","statementMap":{"0":{"start":{"line":2,"column":0},"end":{"line":2,"column":26}},"1":{"start":{"line":3,"column":0},"end":{"line":3,"column":57}},"2":{"start":{"line":4,"column":0},"end":{"line":4,"column":47}},"3":{"start":{"line":16,"column":4},"end":{"line":18,"column":5}},"4":{"start":{"line":17,"column":8},"end":{"line":17,"column":89}},"5":{"start":{"line":19,"column":20},"end":{"line":19,"column":32}},"6":{"start":{"line":20,"column":25},"end":{"line":20,"column":69}},"7":{"start":{"line":20,"column":53},"end":{"line":20,"column":62}},"8":{"start":{"line":21,"column":24},"end":{"line":21,"column":70}},"9":{"start":{"line":22,"column":4},"end":{"line":32,"column":6}},"10":{"start":{"line":35,"column":57},"end":{"line":43,"column":null}},"11":{"start":{"line":36,"column":4},"end":{"line":42,"column":null}},"12":{"start":{"line":40,"column":40},"end":{"line":40,"column":67}},"13":{"start":{"line":35,"column":13},"end":{"line":35,"column":57}},"14":{"start":{"line":46,"column":0},"end":{"line":46,"column":42}}},"fnMap":{"0":{"name":"renderDropdownItem","decl":{"start":{"line":15,"column":9},"end":{"line":15,"column":27}},"loc":{"start":{"line":15,"column":61},"end":{"line":33,"column":1}}},"1":{"name":"(anonymous_1)","decl":{"start":{"line":20,"column":47},"end":{"line":20,"column":50}},"loc":{"start":{"line":20,"column":53},"end":{"line":20,"column":62}}},"2":{"name":"(anonymous_2)","decl":{"start":{"line":35,"column":57},"end":{"line":35,"column":58}},"loc":{"start":{"line":36,"column":4},"end":{"line":42,"column":null}}},"3":{"name":"(anonymous_3)","decl":{"start":{"line":40,"column":27},"end":{"line":40,"column":28}},"loc":{"start":{"line":40,"column":40},"end":{"line":40,"column":67}}}},"branchMap":{"0":{"loc":{"start":{"line":16,"column":4},"end":{"line":18,"column":5}},"type":"if","locations":[{"start":{"line":16,"column":4},"end":{"line":18,"column":5}},{"start":{},"end":{}}]},"1":{"loc":{"start":{"line":20,"column":25},"end":{"line":20,"column":69}},"type":"cond-expr","locations":[{"start":{"line":20,"column":35},"end":{"line":20,"column":64}},{"start":{"line":20,"column":67},"end":{"line":20,"column":69}}]},"2":{"loc":{"start":{"line":21,"column":24},"end":{"line":21,"column":70}},"type":"cond-expr","locations":[{"start":{"line":21,"column":52},"end":{"line":21,"column":65}},{"start":{"line":21,"column":68},"end":{"line":21,"column":70}}]},"3":{"loc":{"start":{"line":26,"column":22},"end":{"line":26,"column":44}},"type":"binary-expr","locations":[{"start":{"line":26,"column":22},"end":{"line":26,"column":35}},{"start":{"line":26,"column":39},"end":{"line":26,"column":44}}]},"4":{"loc":{"start":{"line":29,"column":13},"end":{"line":29,"column":74}},"type":"binary-expr","locations":[{"start":{"line":29,"column":13},"end":{"line":29,"column":22}},{"start":{"line":29,"column":26},"end":{"line":29,"column":74}}]}},"s":{"0":1,"1":1,"2":1,"3":4,"4":1,"5":3,"6":3,"7":1,"8":3,"9":3,"10":1,"11":2,"12":4,"13":1,"14":1},"f":{"0":4,"1":1,"2":2,"3":4},"b":{"0":[1,3],"1":[1,2],"2":[1,2],"3":[3,3],"4":[3,0]}}
,"/Users/ok/Development/GitHub/go_text/frontend/src/ui/primitives/RadioGroup.tsx": {"path":"/Users/ok/Development/GitHub/go_text/frontend/src/ui/primitives/RadioGroup.tsx","statementMap":{"0":{"start":{"line":2,"column":0},"end":{"line":2,"column":26}},"1":{"start":{"line":3,"column":0},"end":{"line":3,"column":64}},"2":{"start":{"line":4,"column":0},"end":{"line":4,"column":45}},"3":{"start":{"line":19,"column":53},"end":{"line":31,"column":null}},"4":{"start":{"line":20,"column":4},"end":{"line":30,"column":null}},"5":{"start":{"line":22,"column":12},"end":{"line":22,"column":34}},"6":{"start":{"line":19,"column":13},"end":{"line":19,"column":53}},"7":{"start":{"line":34,"column":0},"end":{"line":34,"column":38}}},"fnMap":{"0":{"name":"(anonymous_0)","decl":{"start":{"line":19,"column":53},"end":{"line":19,"column":54}},"loc":{"start":{"line":20,"column":4},"end":{"line":30,"column":null}}},"1":{"name":"(anonymous_1)","decl":{"start":{"line":21,"column":19},"end":{"line":21,"column":20}},"loc":{"start":{"line":22,"column":12},"end":{"line":22,"column":34}}}},"branchMap":{},"s":{"0":1,"1":1,"2":1,"3":1,"4":3,"5":6,"6":1,"7":1},"f":{"0":3,"1":6},"b":{}}
,"/Users/ok/Development/GitHub/go_text/frontend/src/ui/primitives/ScrollArea.tsx": {"path":"/Users/ok/Development/GitHub/go_text/frontend/src/ui/primitives/ScrollArea.tsx","statementMap":{"0":{"start":{"line":2,"column":0},"end":{"line":2,"column":26}},"1":{"start":{"line":3,"column":0},"end":{"line":3,"column":57}},"2":{"start":{"line":4,"column":0},"end":{"line":4,"column":45}},"3":{"start":{"line":12,"column":53},"end":{"line":24,"column":null}},"4":{"start":{"line":13,"column":4},"end":{"line":23,"column":null}},"5":{"start":{"line":12,"column":13},"end":{"line":12,"column":53}},"6":{"start":{"line":27,"column":0},"end":{"line":27,"column":38}}},"fnMap":{"0":{"name":"(anonymous_0)","decl":{"start":{"line":12,"column":53},"end":{"line":12,"column":54}},"loc":{"start":{"line":13,"column":4},"end":{"line":23,"column":null}}}},"branchMap":{"0":{"loc":{"start":{"line":13,"column":55},"end":{"line":13,"column":70}},"type":"binary-expr","locations":[{"start":{"line":13,"column":55},"end":{"line":13,"column":64}},{"start":{"line":13,"column":68},"end":{"line":13,"column":70}}]}},"s":{"0":1,"1":1,"2":1,"3":1,"4":2,"5":1,"6":1},"f":{"0":2},"b":{"0":[2,2]}}
,"/Users/ok/Development/GitHub/go_text/frontend/src/ui/primitives/Segmented.tsx": {"path":"/Users/ok/Development/GitHub/go_text/frontend/src/ui/primitives/Segmented.tsx","statementMap":{"0":{"start":{"line":2,"column":0},"end":{"line":2,"column":26}},"1":{"start":{"line":3,"column":0},"end":{"line":3,"column":39}},"2":{"start":{"line":4,"column":0},"end":{"line":4,"column":44}},"3":{"start":{"line":19,"column":51},"end":{"line":37,"column":null}},"4":{"start":{"line":20,"column":4},"end":{"line":36,"column":null}},"5":{"start":{"line":24,"column":32},"end":{"line":24,"column":56}},"6":{"start":{"line":24,"column":39},"end":{"line":24,"column":56}},"7":{"start":{"line":28,"column":12},"end":{"line":29,"column":null}},"8":{"start":{"line":19,"column":13},"end":{"line":19,"column":51}},"9":{"start":{"line":40,"column":0},"end":{"line":40,"column":36}}},"fnMap":{"0":{"name":"(anonymous_0)","decl":{"start":{"line":19,"column":51},"end":{"line":19,"column":52}},"loc":{"start":{"line":20,"column":4},"end":{"line":36,"column":null}}},"1":{"name":"(anonymous_1)","decl":{"start":{"line":24,"column":23},"end":{"line":24,"column":24}},"loc":{"start":{"line":24,"column":29},"end":{"line":24,"column":58}}},"2":{"name":"(anonymous_2)","decl":{"start":{"line":27,"column":19},"end":{"line":27,"column":20}},"loc":{"start":{"line":28,"column":12},"end":{"line":29,"column":null}}}},"branchMap":{"0":{"loc":{"start":{"line":24,"column":32},"end":{"line":24,"column":56}},"type":"if","locations":[{"start":{"line":24,"column":32},"end":{"line":24,"column":56}},{"start":{},"end":{}}]},"1":{"loc":{"start":{"line":25,"column":18},"end":{"line":25,"column":35}},"type":"binary-expr","locations":[{"start":{"line":25,"column":18},"end":{"line":25,"column":26}},{"start":{"line":25,"column":30},"end":{"line":25,"column":35}}]}},"s":{"0":1,"1":1,"2":1,"3":1,"4":3,"5":2,"6":1,"7":6,"8":1,"9":1},"f":{"0":3,"1":2,"2":6},"b":{"0":[1,1],"1":[3,3]}}
,"/Users/ok/Development/GitHub/go_text/frontend/src/ui/primitives/Select.tsx": {"path":"/Users/ok/Development/GitHub/go_text/frontend/src/ui/primitives/Select.tsx","statementMap":{"0":{"start":{"line":2,"column":0},"end":{"line":2,"column":26}},"1":{"start":{"line":3,"column":0},"end":{"line":3,"column":49}},"2":{"start":{"line":4,"column":0},"end":{"line":4,"column":41}},"3":{"start":{"line":20,"column":45},"end":{"line":53,"column":null}},"4":{"start":{"line":21,"column":4},"end":{"line":52,"column":null}},"5":{"start":{"line":36,"column":24},"end":{"line":40,"column":25}},"6":{"start":{"line":37,"column":45},"end":{"line":37,"column":57}},"7":{"start":{"line":38,"column":43},"end":{"line":38,"column":129}},"8":{"start":{"line":39,"column":28},"end":{"line":39,"column":103}},"9":{"start":{"line":41,"column":24},"end":{"line":47,"column":26}},"10":{"start":{"line":20,"column":13},"end":{"line":20,"column":45}},"11":{"start":{"line":56,"column":0},"end":{"line":56,"column":30}}},"fnMap":{"0":{"name":"(anonymous_0)","decl":{"start":{"line":20,"column":45},"end":{"line":20,"column":46}},"loc":{"start":{"line":21,"column":4},"end":{"line":52,"column":null}}},"1":{"name":"(anonymous_1)","decl":{"start":{"line":35,"column":31},"end":{"line":35,"column":32}},"loc":{"start":{"line":35,"column":43},"end":{"line":48,"column":21}}}},"branchMap":{"0":{"loc":{"start":{"line":21,"column":76},"end":{"line":21,"column":93}},"type":"binary-expr","locations":[{"start":{"line":21,"column":76},"end":{"line":21,"column":84}},{"start":{"line":21,"column":88},"end":{"line":21,"column":93}}]},"1":{"loc":{"start":{"line":23,"column":44},"end":{"line":23,"column":71}},"type":"cond-expr","locations":[{"start":{"line":23,"column":53},"end":{"line":23,"column":66}},{"start":{"line":23,"column":69},"end":{"line":23,"column":71}}]},"2":{"loc":{"start":{"line":24,"column":24},"end":{"line":24,"column":59}},"type":"binary-expr","locations":[{"start":{"line":24,"column":24},"end":{"line":24,"column":32}},{"start":{"line":24,"column":36},"end":{"line":24,"column":47}},{"start":{"line":24,"column":51},"end":{"line":24,"column":59}}]},"3":{"loc":{"start":{"line":26,"column":13},"end":{"line":26,"column":76}},"type":"binary-expr","locations":[{"start":{"line":26,"column":13},"end":{"line":26,"column":21}},{"start":{"line":26,"column":25},"end":{"line":26,"column":76}}]},"4":{"loc":{"start":{"line":36,"column":24},"end":{"line":40,"column":25}},"type":"if","locations":[{"start":{"line":36,"column":24},"end":{"line":40,"column":25}},{"start":{},"end":{}}]},"5":{"loc":{"start":{"line":38,"column":43},"end":{"line":38,"column":129}},"type":"cond-expr","locations":[{"start":{"line":38,"column":87},"end":{"line":38,"column":116}},{"start":{"line":38,"column":119},"end":{"line":38,"column":129}}]},"6":{"loc":{"start":{"line":38,"column":43},"end":{"line":38,"column":84}},"type":"binary-expr","locations":[{"start":{"line":38,"column":43},"end":{"line":38,"column":51}},{"start":{"line":38,"column":55},"end":{"line":38,"column":84}}]},"7":{"loc":{"start":{"line":42,"column":92},"end":{"line":42,"column":114}},"type":"binary-expr","locations":[{"start":{"line":42,"column":92},"end":{"line":42,"column":105}},{"start":{"line":42,"column":109},"end":{"line":42,"column":114}}]},"8":{"loc":{"start":{"line":45,"column":33},"end":{"line":45,"column":91}},"type":"binary-expr","locations":[{"start":{"line":45,"column":33},"end":{"line":45,"column":41}},{"start":{"line":45,"column":45},"end":{"line":45,"column":91}}]}},"s":{"0":1,"1":1,"2":1,"3":1,"4":2,"5":4,"6":0,"7":0,"8":0,"9":4,"10":1,"11":1},"f":{"0":2,"1":4},"b":{"0":[2,2],"1":[0,2],"2":[2,2,2],"3":[2,0],"4":[0,4],"5":[0,0],"6":[0,0],"7":[4,4],"8":[4,0]}}
,"/Users/ok/Development/GitHub/go_text/frontend/src/ui/primitives/Slider.tsx": {"path":"/Users/ok/Development/GitHub/go_text/frontend/src/ui/primitives/Slider.tsx","statementMap":{"0":{"start":{"line":2,"column":0},"end":{"line":2,"column":26}},"1":{"start":{"line":3,"column":0},"end":{"line":3,"column":49}},"2":{"start":{"line":4,"column":0},"end":{"line":4,"column":41}},"3":{"start":{"line":15,"column":45},"end":{"line":29,"column":null}},"4":{"start":{"line":16,"column":4},"end":{"line":28,"column":null}},"5":{"start":{"line":15,"column":13},"end":{"line":15,"column":45}},"6":{"start":{"line":32,"column":0},"end":{"line":32,"column":30}}},"fnMap":{"0":{"name":"(anonymous_0)","decl":{"start":{"line":15,"column":45},"end":{"line":15,"column":46}},"loc":{"start":{"line":16,"column":4},"end":{"line":28,"column":null}}}},"branchMap":{"0":{"loc":{"start":{"line":15,"column":70},"end":{"line":15,"column":77}},"type":"default-arg","locations":[{"start":{"line":15,"column":76},"end":{"line":15,"column":77}}]},"1":{"loc":{"start":{"line":15,"column":79},"end":{"line":15,"column":88}},"type":"default-arg","locations":[{"start":{"line":15,"column":85},"end":{"line":15,"column":88}}]},"2":{"loc":{"start":{"line":15,"column":90},"end":{"line":15,"column":98}},"type":"default-arg","locations":[{"start":{"line":15,"column":97},"end":{"line":15,"column":98}}]},"3":{"loc":{"start":{"line":23,"column":18},"end":{"line":23,"column":35}},"type":"binary-expr","locations":[{"start":{"line":23,"column":18},"end":{"line":23,"column":26}},{"start":{"line":23,"column":30},"end":{"line":23,"column":35}}]}},"s":{"0":1,"1":1,"2":1,"3":1,"4":2,"5":1,"6":1},"f":{"0":2},"b":{"0":[1],"1":[1],"2":[2],"3":[2,2]}}
,"/Users/ok/Development/GitHub/go_text/frontend/src/ui/primitives/Switch.tsx": {"path":"/Users/ok/Development/GitHub/go_text/frontend/src/ui/primitives/Switch.tsx","statementMap":{"0":{"start":{"line":2,"column":0},"end":{"line":2,"column":26}},"1":{"start":{"line":3,"column":0},"end":{"line":3,"column":49}},"2":{"start":{"line":4,"column":0},"end":{"line":4,"column":41}},"3":{"start":{"line":14,"column":45},"end":{"line":17,"column":null}},"4":{"start":{"line":15,"column":4},"end":{"line":16,"column":null}},"5":{"start":{"line":14,"column":13},"end":{"line":14,"column":45}},"6":{"start":{"line":20,"column":0},"end":{"line":20,"column":30}}},"fnMap":{"0":{"name":"(anonymous_0)","decl":{"start":{"line":14,"column":45},"end":{"line":14,"column":46}},"loc":{"start":{"line":15,"column":4},"end":{"line":16,"column":null}}}},"branchMap":{},"s":{"0":1,"1":1,"2":1,"3":1,"4":4,"5":1,"6":1},"f":{"0":4},"b":{}}
,"/Users/ok/Development/GitHub/go_text/frontend/src/ui/primitives/Tabs.tsx": {"path":"/Users/ok/Development/GitHub/go_text/frontend/src/ui/primitives/Tabs.tsx","statementMap":{"0":{"start":{"line":2,"column":0},"end":{"line":2,"column":26}},"1":{"start":{"line":3,"column":0},"end":{"line":3,"column":45}},"2":{"start":{"line":4,"column":0},"end":{"line":4,"column":39}},"3":{"start":{"line":19,"column":41},"end":{"line":38,"column":null}},"4":{"start":{"line":20,"column":4},"end":{"line":37,"column":null}},"5":{"start":{"line":28,"column":16},"end":{"line":28,"column":51}},"6":{"start":{"line":34,"column":12},"end":{"line":34,"column":47}},"7":{"start":{"line":19,"column":13},"end":{"line":19,"column":41}},"8":{"start":{"line":41,"column":0},"end":{"line":41,"column":26}}},"fnMap":{"0":{"name":"(anonymous_0)","decl":{"start":{"line":19,"column":41},"end":{"line":19,"column":42}},"loc":{"start":{"line":20,"column":4},"end":{"line":37,"column":null}}},"1":{"name":"(anonymous_1)","decl":{"start":{"line":27,"column":22},"end":{"line":27,"column":23}},"loc":{"start":{"line":28,"column":16},"end":{"line":28,"column":51}}},"2":{"name":"(anonymous_2)","decl":{"start":{"line":33,"column":18},"end":{"line":33,"column":19}},"loc":{"start":{"line":34,"column":12},"end":{"line":34,"column":47}}}},"branchMap":{"0":{"loc":{"start":{"line":19,"column":72},"end":{"line":19,"column":98}},"type":"default-arg","locations":[{"start":{"line":19,"column":86},"end":{"line":19,"column":98}}]},"1":{"loc":{"start":{"line":21,"column":37},"end":{"line":21,"column":86}},"type":"cond-expr","locations":[{"start":{"line":21,"column":66},"end":{"line":21,"column":81}},{"start":{"line":21,"column":84},"end":{"line":21,"column":86}}]}},"s":{"0":1,"1":1,"2":1,"3":1,"4":3,"5":6,"6":6,"7":1,"8":1},"f":{"0":3,"1":6,"2":6},"b":{"0":[3],"1":[0,3]}}
,"/Users/ok/Development/GitHub/go_text/frontend/src/ui/primitives/Toast.tsx": {"path":"/Users/ok/Development/GitHub/go_text/frontend/src/ui/primitives/Toast.tsx","statementMap":{"0":{"start":{"line":2,"column":0},"end":{"line":2,"column":26}},"1":{"start":{"line":3,"column":0},"end":{"line":3,"column":47}},"2":{"start":{"line":4,"column":0},"end":{"line":4,"column":40}},"3":{"start":{"line":15,"column":121},"end":{"line":18,"column":91}},"4":{"start":{"line":18,"column":6},"end":{"line":18,"column":91}},"5":{"start":{"line":15,"column":13},"end":{"line":15,"column":121}},"6":{"start":{"line":20,"column":0},"end":{"line":20,"column":44}},"7":{"start":{"line":22,"column":52},"end":{"line":27,"column":2}},"8":{"start":{"line":33,"column":48},"end":{"line":47,"column":null}},"9":{"start":{"line":34,"column":4},"end":{"line":46,"column":null}},"10":{"start":{"line":37,"column":34},"end":{"line":37,"column":59}},"11":{"start":{"line":37,"column":45},"end":{"line":37,"column":59}},"12":{"start":{"line":50,"column":0},"end":{"line":50,"column":40}},"13":{"start":{"line":57,"column":55},"end":{"line":63,"column":null}},"14":{"start":{"line":58,"column":4},"end":{"line":62,"column":null}},"15":{"start":{"line":60,"column":12},"end":{"line":60,"column":43}},"16":{"start":{"line":57,"column":13},"end":{"line":57,"column":55}},"17":{"start":{"line":66,"column":0},"end":{"line":66,"column":40}}},"fnMap":{"0":{"name":"(anonymous_0)","decl":{"start":{"line":15,"column":121},"end":{"line":15,"column":122}},"loc":{"start":{"line":18,"column":6},"end":{"line":18,"column":91}}},"1":{"name":"(anonymous_1)","decl":{"start":{"line":33,"column":48},"end":{"line":33,"column":49}},"loc":{"start":{"line":34,"column":4},"end":{"line":46,"column":null}}},"2":{"name":"(anonymous_2)","decl":{"start":{"line":37,"column":22},"end":{"line":37,"column":23}},"loc":{"start":{"line":37,"column":31},"end":{"line":37,"column":61}}},"3":{"name":"(anonymous_3)","decl":{"start":{"line":57,"column":55},"end":{"line":57,"column":56}},"loc":{"start":{"line":58,"column":4},"end":{"line":62,"column":null}}},"4":{"name":"(anonymous_4)","decl":{"start":{"line":59,"column":19},"end":{"line":59,"column":20}},"loc":{"start":{"line":60,"column":12},"end":{"line":60,"column":43}}}},"branchMap":{"0":{"loc":{"start":{"line":17,"column":4},"end":{"line":17,"column":28}},"type":"default-arg","locations":[{"start":{"line":17,"column":21},"end":{"line":17,"column":28}}]},"1":{"loc":{"start":{"line":33,"column":55},"end":{"line":33,"column":74}},"type":"default-arg","locations":[{"start":{"line":33,"column":65},"end":{"line":33,"column":74}}]},"2":{"loc":{"start":{"line":33,"column":85},"end":{"line":33,"column":100}},"type":"default-arg","locations":[{"start":{"line":33,"column":96},"end":{"line":33,"column":100}}]},"3":{"loc":{"start":{"line":37,"column":34},"end":{"line":37,"column":59}},"type":"if","locations":[{"start":{"line":37,"column":34},"end":{"line":37,"column":59}},{"start":{},"end":{}}]}},"s":{"0":1,"1":1,"2":1,"3":1,"4":4,"5":1,"6":1,"7":1,"8":1,"9":3,"10":1,"11":1,"12":1,"13":1,"14":4,"15":3,"16":1,"17":1},"f":{"0":4,"1":3,"2":1,"3":4,"4":3},"b":{"0":[4],"1":[0],"2":[3],"3":[1,0]}}
,"/Users/ok/Development/GitHub/go_text/frontend/src/ui/primitives/Tooltip.tsx": {"path":"/Users/ok/Development/GitHub/go_text/frontend/src/ui/primitives/Tooltip.tsx","statementMap":{"0":{"start":{"line":2,"column":0},"end":{"line":2,"column":26}},"1":{"start":{"line":3,"column":0},"end":{"line":3,"column":51}},"2":{"start":{"line":4,"column":0},"end":{"line":4,"column":42}},"3":{"start":{"line":6,"column":96},"end":{"line":9,"column":93}},"4":{"start":{"line":9,"column":6},"end":{"line":9,"column":93}},"5":{"start":{"line":6,"column":13},"end":{"line":6,"column":96}},"6":{"start":{"line":11,"column":0},"end":{"line":11,"column":48}},"7":{"start":{"line":19,"column":47},"end":{"line":28,"column":null}},"8":{"start":{"line":20,"column":4},"end":{"line":27,"column":null}},"9":{"start":{"line":19,"column":13},"end":{"line":19,"column":47}},"10":{"start":{"line":31,"column":0},"end":{"line":31,"column":32}}},"fnMap":{"0":{"name":"(anonymous_0)","decl":{"start":{"line":6,"column":96},"end":{"line":6,"column":97}},"loc":{"start":{"line":9,"column":6},"end":{"line":9,"column":93}}},"1":{"name":"(anonymous_1)","decl":{"start":{"line":19,"column":47},"end":{"line":19,"column":48}},"loc":{"start":{"line":20,"column":4},"end":{"line":27,"column":null}}}},"branchMap":{"0":{"loc":{"start":{"line":8,"column":4},"end":{"line":8,"column":23}},"type":"default-arg","locations":[{"start":{"line":8,"column":20},"end":{"line":8,"column":23}}]},"1":{"loc":{"start":{"line":19,"column":69},"end":{"line":19,"column":84}},"type":"default-arg","locations":[{"start":{"line":19,"column":76},"end":{"line":19,"column":84}}]}},"s":{"0":1,"1":1,"2":1,"3":1,"4":2,"5":1,"6":1,"7":1,"8":2,"9":1,"10":1},"f":{"0":2,"1":2},"b":{"0":[2],"1":[2]}}
}
