TN:
SF:src/ui/components/Badge.tsx
FN:10,(anonymous_0)
FNF:1
FNH:1
FNDA:1,(anonymous_0)
DA:2,1
DA:3,1
DA:10,1
DA:11,1
DA:12,1
DA:15,1
LF:6
LH:6
BRDA:10,0,0,1
BRDA:11,1,0,0
BRDA:11,1,1,1
BRF:3
BRH:2
end_of_record
TN:
SF:src/ui/components/Button.tsx
FN:18,(anonymous_0)
FNF:1
FNH:1
FNDA:9,(anonymous_0)
DA:2,2
DA:3,2
DA:18,2
DA:27,9
DA:30,9
DA:37,2
LF:6
LH:6
BRDA:19,0,0,3
BRDA:20,1,0,3
BRDA:21,2,0,8
BRDA:22,3,0,3
BRDA:27,4,0,6
BRDA:27,4,1,3
BRDA:27,5,0,6
BRDA:27,5,1,3
BRF:8
BRH:8
end_of_record
TN:
SF:src/ui/components/Card.tsx
FN:11,(anonymous_0)
FNF:1
FNH:1
FNDA:2,(anonymous_0)
DA:2,1
DA:3,1
DA:11,1
DA:12,2
DA:13,2
DA:16,1
LF:6
LH:6
BRF:0
BRH:0
end_of_record
TN:
SF:src/ui/components/Chip.tsx
FN:11,(anonymous_0)
FNF:1
FNH:1
FNDA:3,(anonymous_0)
DA:2,1
DA:3,1
DA:11,1
DA:12,3
DA:13,3
DA:25,1
LF:6
LH:6
BRDA:11,0,0,3
BRDA:12,1,0,0
BRDA:12,1,1,3
BRDA:16,2,0,3
BRDA:16,2,1,1
BRF:5
BRH:4
end_of_record
TN:
SF:src/ui/components/IconButton.tsx
FN:15,(anonymous_0)
FNF:1
FNH:1
FNDA:3,(anonymous_0)
DA:2,1
DA:3,1
DA:15,1
DA:24,3
DA:27,3
DA:34,1
LF:6
LH:6
BRDA:16,0,0,2
BRDA:17,1,0,3
BRDA:18,2,0,3
BRDA:24,3,0,1
BRDA:24,3,1,2
BRDA:24,4,0,0
BRDA:24,4,1,3
BRF:7
BRH:6
end_of_record
TN:
SF:src/ui/primitives/AlertDialog.tsx
FN:18,(anonymous_0)
FNF:1
FNH:1
FNDA:3,(anonymous_0)
DA:2,1
DA:3,1
DA:4,1
DA:5,1
DA:18,1
DA:28,3
DA:53,1
LF:7
LH:7
BRDA:24,0,0,3
BRDA:26,1,0,2
BRDA:32,2,0,1
BRDA:32,2,1,2
BRDA:43,3,0,1
BRDA:43,3,1,2
BRF:6
BRH:6
end_of_record
TN:
SF:src/ui/primitives/Combobox.tsx
FN:24,(anonymous_0)
FN:37,(anonymous_1)
FN:76,(anonymous_2)
FN:80,(anonymous_3)
FNF:4
FNH:4
FNDA:10,(anonymous_0)
FNDA:11,(anonymous_1)
FNDA:30,(anonymous_2)
FNDA:1,(anonymous_3)
DA:2,1
DA:3,1
DA:4,1
DA:5,1
DA:24,1
DA:34,10
DA:35,10
DA:37,11
DA:39,10
DA:77,30
DA:81,1
DA:82,1
DA:83,1
DA:104,1
LF:14
LH:14
BRDA:29,0,0,10
BRDA:43,1,0,10
BRDA:43,1,1,1
BRDA:44,2,0,10
BRDA:44,2,1,0
BRDA:60,3,0,10
BRDA:60,3,1,0
BRDA:63,4,0,0
BRDA:63,4,1,0
BRDA:74,5,0,10
BRDA:74,5,1,10
BRDA:87,6,0,30
BRDA:87,6,1,10
BRDA:89,7,0,30
BRDA:89,7,1,20
BRDA:95,8,0,10
BRDA:95,8,1,0
BRF:17
BRH:12
end_of_record
TN:
SF:src/ui/primitives/CommandPalette.tsx
FN:22,(anonymous_0)
FN:32,(anonymous_1)
FN:34,(anonymous_2)
FN:42,(anonymous_3)
FN:73,(anonymous_4)
FN:79,(anonymous_5)
FN:83,(anonymous_6)
FNF:7
FNH:6
FNDA:6,(anonymous_0)
FNDA:3,(anonymous_1)
FNDA:9,(anonymous_2)
FNDA:0,(anonymous_3)
FNDA:12,(anonymous_4)
FNDA:18,(anonymous_5)
FNDA:1,(anonymous_6)
DA:2,1
DA:3,1
DA:4,1
DA:5,1
DA:22,1
DA:30,6
DA:32,6
DA:33,3
DA:34,3
DA:35,9
DA:36,9
DA:37,9
DA:39,3
DA:42,6
DA:43,0
DA:44,0
DA:45,0
DA:46,0
DA:50,6
DA:74,12
DA:80,18
DA:84,1
DA:85,1
DA:109,1
LF:24
LH:20
BRDA:26,0,0,6
BRDA:35,1,0,9
BRDA:35,1,1,0
BRDA:36,2,0,6
BRDA:36,2,1,3
BRDA:43,3,0,0
BRDA:43,3,1,0
BRDA:43,4,0,0
BRDA:43,4,1,0
BRDA:43,4,2,0
BRDA:43,4,3,0
BRDA:76,5,0,12
BRDA:76,5,1,0
BRDA:75,6,0,12
BRDA:75,6,1,0
BRF:15
BRH:6
end_of_record
TN:
SF:src/ui/primitives/Dialog.tsx
FN:14,(anonymous_0)
FNF:1
FNH:1
FNDA:3,(anonymous_0)
DA:2,1
DA:3,1
DA:4,1
DA:14,1
DA:15,3
DA:27,1
LF:6
LH:6
BRDA:19,0,0,3
BRDA:19,0,1,3
BRDA:20,1,0,3
BRDA:20,1,1,0
BRF:4
BRH:3
end_of_record
TN:
SF:src/ui/primitives/DropdownMenu.tsx
FN:15,renderDropdownItem
FN:20,(anonymous_1)
FN:35,(anonymous_2)
FN:40,(anonymous_3)
FNF:4
FNH:4
FNDA:4,renderDropdownItem
FNDA:1,(anonymous_1)
FNDA:2,(anonymous_2)
FNDA:4,(anonymous_3)
DA:2,1
DA:3,1
DA:4,1
DA:16,4
DA:17,1
DA:19,3
DA:20,3
DA:21,3
DA:22,3
DA:35,1
DA:36,2
DA:40,4
DA:46,1
LF:13
LH:13
BRDA:16,0,0,1
BRDA:16,0,1,3
BRDA:20,1,0,1
BRDA:20,1,1,2
BRDA:21,2,0,1
BRDA:21,2,1,2
BRDA:26,3,0,3
BRDA:26,3,1,3
BRDA:29,4,0,3
BRDA:29,4,1,0
BRF:10
BRH:9
end_of_record
TN:
SF:src/ui/primitives/RadioGroup.tsx
FN:19,(anonymous_0)
FN:21,(anonymous_1)
FNF:2
FNH:2
FNDA:3,(anonymous_0)
FNDA:6,(anonymous_1)
DA:2,1
DA:3,1
DA:4,1
DA:19,1
DA:20,3
DA:22,6
DA:34,1
LF:7
LH:7
BRF:0
BRH:0
end_of_record
TN:
SF:src/ui/primitives/ScrollArea.tsx
FN:12,(anonymous_0)
FNF:1
FNH:1
FNDA:2,(anonymous_0)
DA:2,1
DA:3,1
DA:4,1
DA:12,1
DA:13,2
DA:27,1
LF:6
LH:6
BRDA:13,0,0,2
BRDA:13,0,1,2
BRF:2
BRH:2
end_of_record
TN:
SF:src/ui/primitives/Segmented.tsx
FN:19,(anonymous_0)
FN:24,(anonymous_1)
FN:27,(anonymous_2)
FNF:3
FNH:3
FNDA:3,(anonymous_0)
FNDA:2,(anonymous_1)
FNDA:6,(anonymous_2)
DA:2,1
DA:3,1
DA:4,1
DA:19,1
DA:20,3
DA:24,2
DA:28,6
DA:40,1
LF:8
LH:8
BRDA:24,0,0,1
BRDA:24,0,1,1
BRDA:25,1,0,3
BRDA:25,1,1,3
BRF:4
BRH:4
end_of_record
TN:
SF:src/ui/primitives/Select.tsx
FN:20,(anonymous_0)
FN:35,(anonymous_1)
FNF:2
FNH:2
FNDA:2,(anonymous_0)
FNDA:4,(anonymous_1)
DA:2,1
DA:3,1
DA:4,1
DA:20,1
DA:21,2
DA:36,4
DA:37,0
DA:38,0
DA:39,0
DA:41,4
DA:56,1
LF:11
LH:8
BRDA:21,0,0,2
BRDA:21,0,1,2
BRDA:23,1,0,0
BRDA:23,1,1,2
BRDA:24,2,0,2
BRDA:24,2,1,2
BRDA:24,2,2,2
BRDA:26,3,0,2
BRDA:26,3,1,0
BRDA:36,4,0,0
BRDA:36,4,1,4
BRDA:38,5,0,0
BRDA:38,5,1,0
BRDA:38,6,0,0
BRDA:38,6,1,0
BRDA:42,7,0,4
BRDA:42,7,1,4
BRDA:45,8,0,4
BRDA:45,8,1,0
BRF:19
BRH:11
end_of_record
TN:
SF:src/ui/primitives/Slider.tsx
FN:15,(anonymous_0)
FNF:1
FNH:1
FNDA:2,(anonymous_0)
DA:2,1
DA:3,1
DA:4,1
DA:15,1
DA:16,2
DA:32,1
LF:6
LH:6
BRDA:15,0,0,1
BRDA:15,1,0,1
BRDA:15,2,0,2
BRDA:23,3,0,2
BRDA:23,3,1,2
BRF:5
BRH:5
end_of_record
TN:
SF:src/ui/primitives/Switch.tsx
FN:14,(anonymous_0)
FNF:1
FNH:1
FNDA:4,(anonymous_0)
DA:2,1
DA:3,1
DA:4,1
DA:14,1
DA:15,4
DA:20,1
LF:6
LH:6
BRF:0
BRH:0
end_of_record
TN:
SF:src/ui/primitives/Tabs.tsx
FN:19,(anonymous_0)
FN:27,(anonymous_1)
FN:33,(anonymous_2)
FNF:3
FNH:3
FNDA:3,(anonymous_0)
FNDA:6,(anonymous_1)
FNDA:6,(anonymous_2)
DA:2,1
DA:3,1
DA:4,1
DA:19,1
DA:20,3
DA:28,6
DA:34,6
DA:41,1
LF:8
LH:8
BRDA:19,0,0,3
BRDA:21,1,0,0
BRDA:21,1,1,3
BRF:3
BRH:2
end_of_record
TN:
SF:src/ui/primitives/Toast.tsx
FN:15,(anonymous_0)
FN:33,(anonymous_1)
FN:37,(anonymous_2)
FN:57,(anonymous_3)
FN:59,(anonymous_4)
FNF:5
FNH:5
FNDA:4,(anonymous_0)
FNDA:3,(anonymous_1)
FNDA:1,(anonymous_2)
FNDA:4,(anonymous_3)
FNDA:3,(anonymous_4)
DA:2,1
DA:3,1
DA:4,1
DA:15,1
DA:18,4
DA:20,1
DA:22,1
DA:33,1
DA:34,3
DA:37,1
DA:50,1
DA:57,1
DA:58,4
DA:60,3
DA:66,1
LF:15
LH:15
BRDA:17,0,0,4
BRDA:33,1,0,0
BRDA:33,2,0,3
BRDA:37,3,0,1
BRDA:37,3,1,0
BRF:5
BRH:3
end_of_record
TN:
SF:src/ui/primitives/Tooltip.tsx
FN:6,(anonymous_0)
FN:19,(anonymous_1)
FNF:2
FNH:2
FNDA:2,(anonymous_0)
FNDA:2,(anonymous_1)
DA:2,1
DA:3,1
DA:4,1
DA:6,1
DA:9,2
DA:11,1
DA:19,1
DA:20,2
DA:31,1
LF:9
LH:9
BRDA:8,0,0,2
BRDA:19,1,0,2
BRF:2
BRH:2
end_of_record
